Warning message:
NAs introduced by coercion 
Error in if (max(abs(cFD$FD)) > max_disp.FD) { : 
  missing value where TRUE/FALSE needed
Execution halted
Warning message:
In max(abs(MOVE_TAB$DVARS), na.rm = T) :
  no non-missing arguments to max; returning -Inf
Error: Discrete value supplied to continuous scale
Execution halted
Warning message:
In out.DVARS * out.FD :
  longer object length is not a multiple of shorter object length
Warning message:
In out.DVARS + out.FD :
  longer object length is not a multiple of shorter object length
Cannot open volume NA for reading!
Cannot open volume NA for reading!
Cannot open volume /home/hpc3586/OSU_data/rotman_conf/3126ZL/fun/preproc/tmp/*Resting* for reading!
Warning message:
NAs introduced by coercion 
Error in if (max(abs(cFD$FD)) > max_disp.FD) { : 
  missing value where TRUE/FALSE needed
Execution halted
Warning message:
In max(abs(MOVE_TAB$DVARS), na.rm = T) :
  no non-missing arguments to max; returning -Inf
Error: Discrete value supplied to continuous scale
Execution halted
Warning message:
In out.DVARS * out.FD :
  longer object length is not a multiple of shorter object length
Warning message:
In out.DVARS + out.FD :
  longer object length is not a multiple of shorter object length
Cannot open volume NA for reading!
Cannot open volume NA for reading!
Cannot open volume /home/hpc3586/OSU_data/rotman_conf/3126ZL/fun/preproc/tmp/*Resting* for reading!
Warning message:
NAs introduced by coercion 
Error in if (max(abs(cFD$FD)) > max_disp.FD) { : 
  missing value where TRUE/FALSE needed
Execution halted
Warning message:
In max(abs(MOVE_TAB$DVARS), na.rm = T) :
  no non-missing arguments to max; returning -Inf
Error: Discrete value supplied to continuous scale
Execution halted
Warning message:
In out.DVARS * out.FD :
  longer object length is not a multiple of shorter object length
Warning message:
In out.DVARS + out.FD :
  longer object length is not a multiple of shorter object length
Cannot open volume NA for reading!
Cannot open volume NA for reading!
Cannot open volume /home/hpc3586/OSU_data/rotman_conf/3126ZL/fun/preproc/tmp/*Resting* for reading!
