-------- freesurfer-Linux-centos6_x86_64-stable-pub-v5.3.0 --------
Setting up environment for FreeSurfer/FS-FAST (and FSL)
FREESURFER_HOME   /scratch/hpc3194/software/freesurfer
FSFAST_HOME       /scratch/hpc3194/software/freesurfer/fsfast
FSF_OUTPUT_FORMAT nii.gz
SUBJECTS_DIR      /scratch/hpc3194/software/freesurfer/subjects
MNI_DIR           /scratch/hpc3194/software/freesurfer/mni
FSL_DIR           /home/hpc2590/fsl
       + Linear-warping functional to structural...
       + Linear-warping structural to standard template...
       + Non-linear-warping structural to standard template...
       + Creating binary mask from non-linearly warped image...
       + Applying standardized warp to functional data...
       + Applying spatial smoothing kernel...
       + Cleaning up unneeded files...
done
    
-------- freesurfer-Linux-centos6_x86_64-stable-pub-v5.3.0 --------
Setting up environment for FreeSurfer/FS-FAST (and FSL)
FREESURFER_HOME   /scratch/hpc3194/software/freesurfer
FSFAST_HOME       /scratch/hpc3194/software/freesurfer/fsfast
FSF_OUTPUT_FORMAT nii.gz
SUBJECTS_DIR      /scratch/hpc3194/software/freesurfer/subjects
MNI_DIR           /scratch/hpc3194/software/freesurfer/mni
FSL_DIR           /home/hpc2590/fsl
Computing differences...
