Error in loadNamespace(i, c(lib.loc, .libPaths()), versionCheck = vI[[i]]) : 
  there is no package called ‘gtable’
Error: package or namespace load failed for ‘ggplot2’
Execution halted
Error in loadNamespace(i, c(lib.loc, .libPaths()), versionCheck = vI[[i]]) : 
  there is no package called ‘gtable’
Error: package or namespace load failed for ‘ggplot2’
Execution halted
Error in loadNamespace(i, c(lib.loc, .libPaths()), versionCheck = vI[[i]]) : 
  there is no package called ‘gtable’
Error in loadNamespace(i, c(lib.loc, .libPaths()), versionCheck = vI[[i]]) : 
  there is no package called ‘gtable’
Warning message:
NAs introduced by coercion 
Error in if (max(abs(MOVE_TAB$FD)) > voxel_size) { : 
  missing value where TRUE/FALSE needed
Execution halted
Error in loadNamespace(i, c(lib.loc, .libPaths()), versionCheck = vI[[i]]) : 
  there is no package called ‘gtable’
Error in loadNamespace(i, c(lib.loc, .libPaths()), versionCheck = vI[[i]]) : 
  there is no package called ‘gtable’
Error: could not find function "ggplot"
Execution halted
