Warning message:
package ‘ggplot2’ was built under R version 3.3.2 
Warning message:
package ‘ggplot2’ was built under R version 3.3.2 
Error in file(file, "rt") : cannot open the connection
Calls: read.csv -> read.table -> file
In addition: Warning message:
In file(file, "rt") :
  cannot open file '/home/hpc3586/OSU_data/rotman_conf/2817ZL/mot_analysis/DVARS.csv': No such file or directory
Execution halted
Warning message:
package ‘ggplot2’ was built under R version 3.3.2 
Warning message:
package ‘gridExtra’ was built under R version 3.3.2 
Warning message:
NAs introduced by coercion 
Error in if (max(abs(MOVE_TAB$FD)) > voxel_size) { : 
  missing value where TRUE/FALSE needed
Execution halted
Warning message:
package ‘ggplot2’ was built under R version 3.3.2 
Warning message:
package ‘gridExtra’ was built under R version 3.3.2 
