Error in file(file, "rt") : cannot open the connection
Calls: read.table -> file
In addition: Warning message:
In file(file, "rt") :
  cannot open file '/home/hpc3586/OSU_data/rotman_conf/3027ZL/MPEs/Resting.1D': No such file or directory
Execution halted
Warning message:
NAs introduced by coercion 
Error in file(file, "rt") : cannot open the connection
Calls: read.table -> file
In addition: Warning message:
In file(file, "rt") :
  cannot open file '/home/hpc3586/OSU_data/rotman_conf/3027ZL/MPEs/mm_Resting.1D': No such file or directory
Execution halted
Cannot open volume /home/hpc3586/OSU_data/rotman_conf/3027ZL/fun/preproc/snlmt_Resting for reading!
ls: cannot access /home/hpc3586/OSU_data/rotman_conf/3027ZL/fun/preproc/tmp/Resting*: No such file or directory
cat: /home/hpc3586/OSU_data/rotman_conf/3027ZL/fun/preproc/tmp/DVARS.txt: No such file or directory
Error in file(file, "rt") : cannot open the connection
Calls: read.csv -> read.table -> file
In addition: Warning message:
In file(file, "rt") :
  cannot open file '/home/hpc3586/OSU_data/rotman_conf/3027ZL/mot_analysis/DVARS.csv': No such file or directory
Execution halted
Warning message:
NAs introduced by coercion 
Error in file(file, "rt") : cannot open the connection
Calls: read.csv -> read.table -> file
In addition: Warning message:
In file(file, "rt") :
  cannot open file '/home/hpc3586/OSU_data/rotman_conf/3027ZL/mot_analysis/Resting_FD.csv': No such file or directory
Execution halted
Warning message:
NAs introduced by coercion 
Error in file(file, "rt") : cannot open the connection
Calls: read.table -> file
In addition: Warning message:
In file(file, "rt") :
  cannot open file '/home/hpc3586/OSU_data/rotman_conf/3027ZL/MPEs/mm_Resting.1D': No such file or directory
Execution halted
