Error in loadNamespace(i, c(lib.loc, .libPaths()), versionCheck = vI[[i]]) : 
  there is no package called ‘gtable’
In addition: Warning message:
package ‘ggplot2’ was built under R version 3.3.2 
Error: package or namespace load failed for ‘ggplot2’
Execution halted
Error in loadNamespace(i, c(lib.loc, .libPaths()), versionCheck = vI[[i]]) : 
  there is no package called ‘gtable’
In addition: Warning message:
package ‘ggplot2’ was built under R version 3.3.2 
Error: package or namespace load failed for ‘ggplot2’
Execution halted
Error in loadNamespace(i, c(lib.loc, .libPaths()), versionCheck = vI[[i]]) : 
  there is no package called ‘gtable’
In addition: Warning message:
package ‘ggplot2’ was built under R version 3.3.2 
Error in loadNamespace(i, c(lib.loc, .libPaths()), versionCheck = vI[[i]]) : 
  there is no package called ‘gtable’
In addition: Warning message:
package ‘gridExtra’ was built under R version 3.3.2 
Warning message:
NAs introduced by coercion 
Error in if (max(abs(MOVE_TAB$FD)) > voxel_size) { : 
  missing value where TRUE/FALSE needed
Execution halted
Error in loadNamespace(i, c(lib.loc, .libPaths()), versionCheck = vI[[i]]) : 
  there is no package called ‘gtable’
In addition: Warning message:
package ‘ggplot2’ was built under R version 3.3.2 
Error in loadNamespace(i, c(lib.loc, .libPaths()), versionCheck = vI[[i]]) : 
  there is no package called ‘gtable’
In addition: Warning message:
package ‘gridExtra’ was built under R version 3.3.2 
Error: could not find function "ggplot"
Execution halted
