Warning message:
Removed 1 rows containing missing values (geom_path). 
Warning message:
Removed 3 rows containing missing values (geom_path). 
Cannot open volume NA for reading!
Cannot open volume NA for reading!
Cannot open volume NA for reading!
Cannot open volume NA for reading!
Cannot open volume NA for reading!
Cannot open volume NA for reading!
Cannot open volume NA for reading!
Cannot open volume NA for reading!
Cannot open volume NA for reading!
Cannot open volume NA for reading!
Cannot open volume NA for reading!
Cannot open volume NA for reading!
Cannot open volume NA for reading!
Cannot open volume NA for reading!
Image Exception : #22 :: ERROR: Could not open image 2.500000
terminate called after throwing an instance of 'RBD_COMMON::BaseException'
