Warning message:
package ‘ggplot2’ was built under R version 3.3.2 
Warning message:
package ‘ggplot2’ was built under R version 3.3.2 
Warning message:
package ‘gridExtra’ was built under R version 3.3.2 
Warning message:
Removed 1 rows containing missing values (geom_path). 
Warning message:
package ‘ggplot2’ was built under R version 3.3.2 
Warning message:
package ‘gridExtra’ was built under R version 3.3.2 
Warning message:
In out.DVARS * out.FD :
  longer object length is not a multiple of shorter object length
Warning message:
In out.DVARS + out.FD :
  longer object length is not a multiple of shorter object length
Cannot open volume NA for reading!
Cannot open volume NA for reading!
Cannot open volume NA for reading!
Cannot open volume NA for reading!
Cannot open volume NA for reading!
Cannot open volume NA for reading!
